
  .   ____          _            __ _ _
 /\\ / ___'_ __ _ _(_)_ __  __ _ \ \ \ \
( ( )\___ | '_ | '_| | '_ \/ _` | \ \ \ \
 \\/  ___)| |_)| | | | | || (_| |  ) ) ) )
  '  |____| .__|_| |_|_| |_\__, | / / / /
 =========|_|==============|___/=/_/_/_/

 :: Spring Boot ::                (v3.5.7)

2025-11-22T09:05:10.613-04:00  INFO 19084 --- [proyect] [           main] c.u.estacionamiento.ProyectApplication   : Starting ProyectApplication v0.0.1-SNAPSHOT using Java 25.0.1 with PID 19084 (C:\Users\admin\Downloads\Proyecto-IS---UCAB---FullStack\backend\proyect\target\proyect-0.0.1-SNAPSHOT.jar started by admin in C:\Users\admin\Downloads\Proyecto-IS---UCAB---FullStack\backend\proyect)
2025-11-22T09:05:10.626-04:00 DEBUG 19084 --- [proyect] [           main] c.u.estacionamiento.ProyectApplication   : Running with Spring Boot v3.5.7, Spring v6.2.12
2025-11-22T09:05:10.628-04:00  INFO 19084 --- [proyect] [           main] c.u.estacionamiento.ProyectApplication   : No active profile set, falling back to 1 default profile: "default"
2025-11-22T09:05:12.401-04:00  INFO 19084 --- [proyect] [           main] o.s.b.w.embedded.tomcat.TomcatWebServer  : Tomcat initialized with port 8080 (http)
2025-11-22T09:05:12.425-04:00  INFO 19084 --- [proyect] [           main] o.apache.catalina.core.StandardService   : Starting service [Tomcat]
2025-11-22T09:05:12.425-04:00  INFO 19084 --- [proyect] [           main] o.apache.catalina.core.StandardEngine    : Starting Servlet engine: [Apache Tomcat/10.1.48]
2025-11-22T09:05:12.478-04:00  INFO 19084 --- [proyect] [           main] o.a.c.c.C.[Tomcat].[localhost].[/]       : Initializing Spring embedded WebApplicationContext
2025-11-22T09:05:12.479-04:00  INFO 19084 --- [proyect] [           main] w.s.c.ServletWebServerApplicationContext : Root WebApplicationContext: initialization completed in 1773 ms
? Inicializando PuestoServiceImpl...
? Intentando cargar desde: C:\Users\admin\Downloads\Proyecto-IS---UCAB---FullStack\backend\proyect\puestos.json
? Archivo existe: true
? Tamaño archivo: 1480 bytes
? Datos cargados exitosamente: 5 puestos
? Servicio Spring inicializado con 5 puestos
? Archivo de pagos no encontrado, creando uno nuevo...
? PagoServiceImpl inicializado con 0 pagos
? ===== INICIANDO CLIENTE REPOSITORY =====
? Directorio actual: C:\Users\admin\Downloads\Proyecto-IS---UCAB---FullStack\backend\proyect\.
? === CARGANDO DESDE ARCHIVO ===
? Ruta completa: C:\Users\admin\Downloads\Proyecto-IS---UCAB---FullStack\backend\proyect\clientes.json
? Archivo existe: true
? 0 clientes cargados desde archivo
? Repository inicializado. Clientes en memoria: 0
? ===== FIN INICIALIZACIÓN =====
? Archivo de reservas no encontrado, creando uno nuevo...
? ReservaServiceImpl inicializado con 0 reservas
2025-11-22T09:05:13.120-04:00  WARN 19084 --- [proyect] [           main] .s.s.UserDetailsServiceAutoConfiguration : 

Using generated security password: 66845e7d-84b3-4e55-aa84-21157ee39d29

This generated password is for development use only. Your security configuration must be updated before running your application in production.

2025-11-22T09:05:13.146-04:00  INFO 19084 --- [proyect] [           main] r$InitializeUserDetailsManagerConfigurer : Global AuthenticationManager configured with UserDetailsService bean with name inMemoryUserDetailsManager
2025-11-22T09:05:13.688-04:00  INFO 19084 --- [proyect] [           main] o.s.b.w.embedded.tomcat.TomcatWebServer  : Tomcat started on port 8080 (http) with context path '/'
2025-11-22T09:05:13.724-04:00  INFO 19084 --- [proyect] [           main] c.u.estacionamiento.ProyectApplication   : Started ProyectApplication in 4.029 seconds (process running for 4.749)
